2021-12-12 16:16:07 SimCov version SimCov version 0.1.1.b9e1743-dirty-main built on 20211212_144854
2021-12-12 16:16:07 _________________________
2021-12-12 16:16:07 Compiler definitions:
2021-12-12 16:16:07   _XOPEN_SOURCE=700
2021-12-12 16:16:07   CONFIG_USE_COLORS
2021-12-12 16:16:07   USE_BYTELL
2021-12-12 16:16:07   MAX_VIRIONS=125000
2021-12-12 16:16:07   MIN_VIRIONS=1e-10
2021-12-12 16:16:07   BLOCK_PARTITION
2021-12-12 16:16:07   MIN_BLOCKS_PER_PROC=1
2021-12-12 16:16:07   AVERAGE_SUBSAMPLE
2021-12-12 16:16:07 _________________________
2021-12-12 16:16:07 Options:
2021-12-12 16:16:07   dim =                         15000 15000 1
2021-12-12 16:16:07   whole-lung-dim =              48000 40000 20000
2021-12-12 16:16:07   timesteps =                   99360
2021-12-12 16:16:07   infection-coords =            uniform:1
2021-12-12 16:16:07   initial-infection =           1000
2021-12-12 16:16:07   incubation-period =           480
2021-12-12 16:16:07   apoptosis-period =            180
2021-12-12 16:16:07   expressing-period =           900
2021-12-12 16:16:07   infectivity =                 0.001
2021-12-12 16:16:07   virion-production =           1.1
2021-12-12 16:16:07   virion-clearance =            0.003
2021-12-12 16:16:07   virion-diffusion =            0.15
2021-12-12 16:16:07   chemokine-production =        1.0
2021-12-12 16:16:07   chemokine-decay =             0.01
2021-12-12 16:16:07   chemokine-diffusion =         0.10
2021-12-12 16:16:07   min-chemokine =               1e-6
2021-12-12 16:16:07   antibody-factor =             1
2021-12-12 16:16:07   antibody-period =             5760
2021-12-12 16:16:07   tcell-generation-rate =       105000
2021-12-12 16:16:07   tcell-initial-delay =         10080
2021-12-12 16:16:07   tcell-vascular-period =       5760
2021-12-12 16:16:07   tcell-tissue-period =         1440
2021-12-12 16:16:07   tcell-binding-period =        10
2021-12-12 16:16:07   max-binding-prob =            1
2021-12-12 16:16:07   tcells-follow-gradient =      false
2021-12-12 16:16:07   seed =                        29
2021-12-12 16:16:07   sample-period =               0
2021-12-12 16:16:07   sample-resolution =           1
2021-12-12 16:16:07   max-block-dim =               10
2021-12-12 16:16:07   output =                      results_weak_long
2021-12-12 16:16:07   use_antibodies =              1
2021-12-12 16:16:07   antibody_max =                1000
2021-12-12 16:16:07   antibody_effect =             0.002
2021-12-12 16:16:07   antibody_scale =              0.10
2021-12-12 16:16:07   is_vaccinated =               0
2021-12-12 16:16:07 _________________________
2021-12-12 16:16:07 Starting run with 8 processes on 1 node at 12/12/21 16:16:07
2021-12-12 16:16:07 Pinned processes, with process 0 (pid 6309) pinned to core 0
2021-12-12 16:16:07 Using block partitioning
2021-12-12 16:16:07 Initial free memory across all 1 nodes: 45.82GB (45.82GB avg, 45.82GB min, 45.82GB max)
2021-12-12 16:16:07 Change in free memory after reduction and thread construction 0B (0B avg, 0B min, 0B max)
2021-12-12 16:16:07 Starting with 45.82GB free on node 0
2021-12-12 16:16:07 Dividing 225000000 grid points into 3515625 squares of size 64 (8^2), with 439454 per process
2021-12-12 16:16:07 Total initial memory required per process is at least 2.20GB with each grid point requiring on average 84 bytes
2021-12-12 16:16:08 [0] <mem_profile.cpp:96> MemoryTrackerThread free_mem=45.59GB
2021-12-12 16:16:10 [0] <mem_profile.cpp:96> MemoryTrackerThread free_mem=44.51GB
2021-12-12 16:16:13 [0] <mem_profile.cpp:96> MemoryTrackerThread free_mem=43.44GB
2021-12-12 16:16:15 [0] <mem_profile.cpp:96> MemoryTrackerThread free_mem=42.38GB
2021-12-12 16:16:18 [0] <mem_profile.cpp:96> MemoryTrackerThread free_mem=41.31GB
2021-12-12 16:16:20 [0] <mem_profile.cpp:96> MemoryTrackerThread free_mem=40.24GB
2021-12-12 16:16:23 [0] <mem_profile.cpp:96> MemoryTrackerThread free_mem=39.17GB
2021-12-12 16:16:25 [0] <mem_profile.cpp:96> MemoryTrackerThread free_mem=38.09GB
2021-12-12 16:16:28 [0] <mem_profile.cpp:96> MemoryTrackerThread free_mem=37.03GB
2021-12-12 16:16:30 [0] <mem_profile.cpp:96> MemoryTrackerThread free_mem=35.97GB
2021-12-12 16:16:33 [0] <mem_profile.cpp:96> MemoryTrackerThread free_mem=34.91GB
2021-12-12 16:16:35 [0] <mem_profile.cpp:96> MemoryTrackerThread free_mem=33.86GB
2021-12-12 16:16:38 [0] <mem_profile.cpp:96> MemoryTrackerThread free_mem=32.80GB
2021-12-12 16:16:40 [0] <mem_profile.cpp:96> MemoryTrackerThread free_mem=31.75GB
2021-12-12 16:16:43 [0] <mem_profile.cpp:96> MemoryTrackerThread free_mem=30.69GB
2021-12-12 16:16:45 [0] <mem_profile.cpp:96> MemoryTrackerThread free_mem=29.64GB
2021-12-12 16:16:48 [0] <mem_profile.cpp:96> MemoryTrackerThread free_mem=28.58GB
2021-12-12 16:16:50 [0] <mem_profile.cpp:96> MemoryTrackerThread free_mem=27.52GB
2021-12-12 16:16:53 [0] <mem_profile.cpp:96> MemoryTrackerThread free_mem=26.47GB
2021-12-12 16:16:55 [0] <mem_profile.cpp:96> MemoryTrackerThread free_mem=25.41GB
2021-12-12 16:16:58 [0] <mem_profile.cpp:96> MemoryTrackerThread free_mem=24.36GB
2021-12-12 16:16:59 Timing tissue.cpp:Tissue: 51.61/51.61/51.61/51.61 s, 1.00 barrier 0.00 s
2021-12-12 16:16:59 Memory used on node 0 after initialization is  21.83GB
2021-12-12 16:16:59 Timing (entrance barrier) main.cpp:run_sim: 0/0/0/0 s, 1.00 barrier 0.00 s
2021-12-12 16:16:59 Fraction of circulating T cells extravasating is 5.85938e-06
2021-12-12 16:16:59 # datetime                    step    incb       expr       apop       dead       tvas       ttis       chem       virs       chempts    %infct     <%active  lbln>
2021-12-12 16:16:59 Time step 0: SUCCESSFUL initial infection at (7500, 7500, 0) after 0 tries
2021-12-12 16:16:59 [12/12/21 16:16:59    0.01s]: 0       1          0          0          0          0          0          0.00e+00   0.00e+00   1.00e+00   0.00       < 0.000 0.125 >
2021-12-12 16:17:03 [12/12/21 16:17:03    4.30s]: 1987    1588       1585       0          205        0          0          1.01e-05   3.82e+05   6.16e+03   0.00       < 0.008 0.949 >
2021-12-12 16:17:15 [12/12/21 16:17:15   12.31s]: 3974    3481       5172       0          5887       0          0          3.38e-05   1.67e+06   1.96e+04   0.01       < 0.018 0.988 >
2021-12-12 16:17:42 [12/12/21 16:17:42   26.90s]: 5961    5342       8874       0          19678      0          0          5.83e-05   3.05e+06   4.18e+04   0.02       < 0.031 0.990 >
2021-12-12 16:18:30 [12/12/21 16:18:30   47.71s]: 7948    7457       12649      0          41519      0          0          8.32e-05   4.42e+06   7.23e+04   0.03       < 0.048 0.994 >
2021-12-12 16:19:43 [12/12/21 16:19:43   72.62s]: 9935    9503       16404      0          71586      0          0          1.07e-04   5.72e+06   1.11e+05   0.04       < 0.069 0.994 >
2021-12-12 16:21:30 [12/12/21 16:21:30  107.76s]: 11922   10368      14898      2319       113886     165516713  326        1.20e-04   6.28e+06   1.57e+05   0.06       < 0.093 0.995 >
2021-12-12 16:23:57 [12/12/21 16:23:57  147.06s]: 13909   11300      7419       4281       169161     293657471  934        9.94e-05   4.07e+06   2.11e+05   0.09       < 0.121 0.996 >
2021-12-12 16:27:09 [12/12/21 16:27:09  191.42s]: 15896   10916      5190       5256       227603     384409111  1530       8.53e-05   3.18e+06   2.70e+05   0.11       < 0.150 0.997 >
2021-12-12 16:31:00 [12/12/21 16:31:00  231.56s]: 17883   11394      3624       5761       290568     448681164  1926       7.37e-05   2.21e+06   3.36e+05   0.14       < 0.177 0.997 >
2021-12-12 16:35:30 [12/12/21 16:35:30  269.30s]: 19870   11509      2939       6741       359732     494199529  2436       6.89e-05   1.96e+06   4.09e+05   0.17       < 0.204 0.995 >
2021-12-12 16:40:40 [12/12/21 16:40:40  310.49s]: 21857   12931      2951       7386       434524     526436485  2639       7.31e-05   1.94e+06   4.88e+05   0.20       < 0.227 0.996 >
2021-12-12 16:46:28 [12/12/21 16:46:28  347.57s]: 23844   13131      2821       7596       516942     549266886  3113       7.12e-05   1.67e+06   5.74e+05   0.24       < 0.249 0.998 >
2021-12-12 16:52:50 [12/12/21 16:52:50  382.24s]: 25831   14938      2830       8089       603665     565435724  3231       7.68e-05   1.75e+06   6.67e+05   0.28       < 0.270 0.997 >
2021-12-12 16:59:51 [12/12/21 16:59:51  420.51s]: 27818   14480      2362       8926       698741     576886240  3774       7.38e-05   1.58e+06   7.64e+05   0.32       < 0.291 0.998 >
2021-12-12 17:07:26 [12/12/21 17:07:26  455.54s]: 29805   14661      2181       9258       797862     584995350  4212       7.07e-05   1.51e+06   8.68e+05   0.37       < 0.310 0.996 >
2021-12-12 17:15:37 [12/12/21 17:15:37  491.41s]: 31792   16094      2551       10204      903306     590738284  4308       8.00e-05   1.69e+06   9.77e+05   0.41       < 0.332 0.996 >
2021-12-12 17:24:25 [12/12/21 17:24:25  527.38s]: 33779   17568      2718       10314      1015382    594805215  4548       8.54e-05   1.72e+06   1.09e+06   0.46       < 0.351 0.998 >
2021-12-12 17:33:46 [12/12/21 17:33:46  561.12s]: 35766   17967      2727       10764      1133648    597685038  5006       8.16e-05   1.61e+06   1.22e+06   0.52       < 0.371 0.997 >
2021-12-12 17:43:42 [12/12/21 17:43:42  595.65s]: 37753   17974      2776       11500      1257921    599724327  5217       8.57e-05   1.81e+06   1.34e+06   0.57       < 0.394 0.998 >
2021-12-12 17:54:15 [12/12/21 17:54:15  633.36s]: 39740   20436      2953       12975      1390207    601168141  5652       9.93e-05   2.05e+06   1.48e+06   0.63       < 0.417 0.999 >
2021-12-12 18:05:31 [12/12/21 18:05:31  676.40s]: 41727   20304      2991       12733      1528700    602190472  5734       9.46e-05   1.86e+06   1.62e+06   0.70       < 0.438 0.999 >
2021-12-12 18:17:21 [12/12/21 18:17:21  710.09s]: 43714   21312      2998       13610      1673033    602914071  6143       1.04e-04   2.13e+06   1.77e+06   0.76       < 0.461 0.997 >
2021-12-12 18:29:51 [12/12/21 18:29:51  749.67s]: 45701   22095      3136       14056      1823423    603426420  6411       1.04e-04   2.12e+06   1.93e+06   0.83       < 0.482 0.997 >
2021-12-12 18:42:56 [12/12/21 18:42:56  785.29s]: 47688   23693      3446       14410      1981018    603788783  6683       1.12e-04   2.25e+06   2.09e+06   0.90       < 0.504 0.998 >
2021-12-12 18:56:37 [12/12/21 18:56:37  820.35s]: 49675   24074      3448       15058      2145762    604045021  7007       1.12e-04   2.29e+06   2.26e+06   0.97       < 0.526 0.998 >
2021-12-12 19:11:00 [12/12/21 19:11:00  863.64s]: 51662   26052      4217       15954      2315666    604226387  7205       1.27e-04   2.56e+06   2.44e+06   1.05       < 0.551 0.997 >
